
> ds-designsystem-test@1.0.0 build-storybook
> storybook build --output-dir=/var/folders/dx/6s3zd__x3yz6v1dppvnjyk2h0000gn/T/chromatic--50092-aiqdK3KOXwOQ

[1mstorybook v9.1.3
[22m
info => Cleaning outputDir: [36m../../../var/folders/dx/6s3zd__x3yz6v1dppvnjyk2h0000gn/T/chromatic--50092-aiqdK3KOXwOQ[39m
info => Loading presets
info => Building manager..
[34mAttention:[39m Storybook now collects completely anonymous telemetry regarding usage. This information is used to shape Storybook's roadmap and prioritize features.
You can learn more, including how to opt-out if you'd not like to participate in this anonymous program, by visiting the following URL:
[36mhttps://storybook.js.org/telemetry[39m

info => Building preview..
[36mvite v7.1.3 [32mbuilding for production...[36m[39m
transforming...
[32m✓[39m 89 modules transformed.
rendering chunks...
computing gzip size...
[2m../../../var/folders/dx/6s3zd__x3yz6v1dppvnjyk2h0000gn/T/chromatic--50092-aiqdK3KOXwOQ/[22m[2massets/[22m[32mcontext-C0qIqeS4.png               [39m[1m[2m  6.12 kB[22m[1m[22m
[2m../../../var/folders/dx/6s3zd__x3yz6v1dppvnjyk2h0000gn/T/chromatic--50092-aiqdK3KOXwOQ/[22m[2massets/[22m[32mstyling-Bk6zjRzU.png               [39m[1m[2m  7.24 kB[22m[1m[22m
[2m../../../var/folders/dx/6s3zd__x3yz6v1dppvnjyk2h0000gn/T/chromatic--50092-aiqdK3KOXwOQ/[22m[32miframe.html                               [39m[1m[2m 18.26 kB[22m[1m[22m[2m │ gzip:   5.13 kB[22m
[2m../../../var/folders/dx/6s3zd__x3yz6v1dppvnjyk2h0000gn/T/chromatic--50092-aiqdK3KOXwOQ/[22m[2massets/[22m[32mdocs---vsFbMi.png                  [39m[1m[2m 27.88 kB[22m[1m[22m
[2m../../../var/folders/dx/6s3zd__x3yz6v1dppvnjyk2h0000gn/T/chromatic--50092-aiqdK3KOXwOQ/[22m[2massets/[22m[32mshare-DGA-UcQf.png                 [39m[1m[2m 40.77 kB[22m[1m[22m
[2m../../../var/folders/dx/6s3zd__x3yz6v1dppvnjyk2h0000gn/T/chromatic--50092-aiqdK3KOXwOQ/[22m[2massets/[22m[32maccessibility-W_h2acOZ.png         [39m[1m[2m 42.34 kB[22m[1m[22m
[2m../../../var/folders/dx/6s3zd__x3yz6v1dppvnjyk2h0000gn/T/chromatic--50092-aiqdK3KOXwOQ/[22m[2massets/[22m[32mfigma-plugin-CH2hELiO.png          [39m[1m[2m 44.25 kB[22m[1m[22m
[2m../../../var/folders/dx/6s3zd__x3yz6v1dppvnjyk2h0000gn/T/chromatic--50092-aiqdK3KOXwOQ/[22m[2massets/[22m[32mtheming-D6WJLNoW.png               [39m[1m[2m 44.37 kB[22m[1m[22m
[2m../../../var/folders/dx/6s3zd__x3yz6v1dppvnjyk2h0000gn/T/chromatic--50092-aiqdK3KOXwOQ/[22m[2massets/[22m[32mtesting-cbzR9l9r.png               [39m[1m[2m 49.31 kB[22m[1m[22m
[2m../../../var/folders/dx/6s3zd__x3yz6v1dppvnjyk2h0000gn/T/chromatic--50092-aiqdK3KOXwOQ/[22m[2massets/[22m[32maddon-library-BWUCAmyN.png         [39m[1m[2m467.37 kB[22m[1m[22m
[2m../../../var/folders/dx/6s3zd__x3yz6v1dppvnjyk2h0000gn/T/chromatic--50092-aiqdK3KOXwOQ/[22m[2massets/[22m[35mHeader-Ck-SSN7O.css                [39m[1m[2m  0.51 kB[22m[1m[22m[2m │ gzip:   0.30 kB[22m
[2m../../../var/folders/dx/6s3zd__x3yz6v1dppvnjyk2h0000gn/T/chromatic--50092-aiqdK3KOXwOQ/[22m[2massets/[22m[35mButton-B2efaGtC.css                [39m[1m[2m  0.52 kB[22m[1m[22m[2m │ gzip:   0.29 kB[22m
[2m../../../var/folders/dx/6s3zd__x3yz6v1dppvnjyk2h0000gn/T/chromatic--50092-aiqdK3KOXwOQ/[22m[2massets/[22m[35mPage-CeeQJVdd.css                  [39m[1m[2m  0.91 kB[22m[1m[22m[2m │ gzip:   0.39 kB[22m
[2m../../../var/folders/dx/6s3zd__x3yz6v1dppvnjyk2h0000gn/T/chromatic--50092-aiqdK3KOXwOQ/[22m[2massets/[22m[36mButton-DfetVkf1.js                 [39m[1m[2m  0.37 kB[22m[1m[22m[2m │ gzip:   0.25 kB[22m
[2m../../../var/folders/dx/6s3zd__x3yz6v1dppvnjyk2h0000gn/T/chromatic--50092-aiqdK3KOXwOQ/[22m[2massets/[22m[36mindex-DNHvBIwz.js                  [39m[1m[2m  0.48 kB[22m[1m[22m[2m │ gzip:   0.31 kB[22m
[2m../../../var/folders/dx/6s3zd__x3yz6v1dppvnjyk2h0000gn/T/chromatic--50092-aiqdK3KOXwOQ/[22m[2massets/[22m[36mHeader.stories-BVTrlEpl.js         [39m[1m[2m  0.70 kB[22m[1m[22m[2m │ gzip:   0.40 kB[22m
[2m../../../var/folders/dx/6s3zd__x3yz6v1dppvnjyk2h0000gn/T/chromatic--50092-aiqdK3KOXwOQ/[22m[2massets/[22m[36mHeader-DIN8LOJ2.js                 [39m[1m[2m  1.16 kB[22m[1m[22m[2m │ gzip:   0.64 kB[22m
[2m../../../var/folders/dx/6s3zd__x3yz6v1dppvnjyk2h0000gn/T/chromatic--50092-aiqdK3KOXwOQ/[22m[2massets/[22m[36mpreload-helper-D9Z9MdNV.js         [39m[1m[2m  1.23 kB[22m[1m[22m[2m │ gzip:   0.72 kB[22m
[2m../../../var/folders/dx/6s3zd__x3yz6v1dppvnjyk2h0000gn/T/chromatic--50092-aiqdK3KOXwOQ/[22m[2massets/[22m[36mButton.stories-CDXaH8yY.js         [39m[1m[2m  1.33 kB[22m[1m[22m[2m │ gzip:   0.52 kB[22m
[2m../../../var/folders/dx/6s3zd__x3yz6v1dppvnjyk2h0000gn/T/chromatic--50092-aiqdK3KOXwOQ/[22m[2massets/[22m[36mPage.stories--oJ7OJ9u.js           [39m[1m[2m  3.60 kB[22m[1m[22m[2m │ gzip:   1.60 kB[22m
[2m../../../var/folders/dx/6s3zd__x3yz6v1dppvnjyk2h0000gn/T/chromatic--50092-aiqdK3KOXwOQ/[22m[2massets/[22m[36mConfigure-DEuvwGiU.js              [39m[1m[2m 25.56 kB[22m[1m[22m[2m │ gzip:  10.88 kB[22m
[2m../../../var/folders/dx/6s3zd__x3yz6v1dppvnjyk2h0000gn/T/chromatic--50092-aiqdK3KOXwOQ/[22m[36mvite-inject-mocker-entry.js               [39m[1m[2m 28.76 kB[22m[1m[22m[2m │ gzip:   9.95 kB[22m
[2m../../../var/folders/dx/6s3zd__x3yz6v1dppvnjyk2h0000gn/T/chromatic--50092-aiqdK3KOXwOQ/[22m[2massets/[22m[36mColor-AVL7NMMY-BtGKIRa6.js         [39m[1m[2m 29.12 kB[22m[1m[22m[2m │ gzip:  10.87 kB[22m
[2m../../../var/folders/dx/6s3zd__x3yz6v1dppvnjyk2h0000gn/T/chromatic--50092-aiqdK3KOXwOQ/[22m[2massets/[22m[36mDocsRenderer-PQXLIZUC-Cbk15w5U.js  [39m[1m[2m175.61 kB[22m[1m[22m[2m │ gzip:  55.72 kB[22m
[2m../../../var/folders/dx/6s3zd__x3yz6v1dppvnjyk2h0000gn/T/chromatic--50092-aiqdK3KOXwOQ/[22m[2massets/[22m[36mblocks-dtoJX0xj.js                 [39m[1m[33m669.31 kB[39m[22m[2m │ gzip: 218.94 kB[22m
[2m../../../var/folders/dx/6s3zd__x3yz6v1dppvnjyk2h0000gn/T/chromatic--50092-aiqdK3KOXwOQ/[22m[2massets/[22m[36miframe-CQsiYCng.js                 [39m[1m[33m943.43 kB[39m[22m[2m │ gzip: 254.23 kB[22m
[32m✓ built in 1.43s[39m
info => Output directory: /var/folders/dx/6s3zd__x3yz6v1dppvnjyk2h0000gn/T/chromatic--50092-aiqdK3KOXwOQ
